mode: count
test-bpjs/v2/controller/api_controller.go:33.25,41.2 1 0
test-bpjs/v2/controller/api_controller.go:43.44,72.2 17 0
test-bpjs/v2/controller/api_controller.go:74.68,75.36 1 0
test-bpjs/v2/controller/api_controller.go:75.36,81.42 4 0
test-bpjs/v2/controller/api_controller.go:81.42,83.4 1 0
test-bpjs/v2/controller/api_controller.go:85.3,85.45 1 0
test-bpjs/v2/controller/api_controller.go:85.45,87.4 1 0
test-bpjs/v2/controller/api_controller.go:89.3,90.17 2 0
test-bpjs/v2/controller/api_controller.go:90.17,92.4 1 0
test-bpjs/v2/controller/api_controller.go:94.3,94.36 1 0
test-bpjs/v2/controller/api_controller.go:98.65,99.36 1 0
test-bpjs/v2/controller/api_controller.go:99.36,106.42 4 0
test-bpjs/v2/controller/api_controller.go:106.42,108.4 1 0
test-bpjs/v2/controller/api_controller.go:110.3,111.17 2 0
test-bpjs/v2/controller/api_controller.go:111.17,113.4 1 0
test-bpjs/v2/controller/api_controller.go:115.3,115.36 1 0
test-bpjs/v2/controller/api_controller.go:119.65,120.36 1 0
test-bpjs/v2/controller/api_controller.go:120.36,126.42 4 0
test-bpjs/v2/controller/api_controller.go:126.42,128.4 1 0
test-bpjs/v2/controller/api_controller.go:130.3,130.45 1 0
test-bpjs/v2/controller/api_controller.go:130.45,132.4 1 0
test-bpjs/v2/controller/api_controller.go:134.3,135.17 2 0
test-bpjs/v2/controller/api_controller.go:135.17,137.4 1 0
test-bpjs/v2/controller/api_controller.go:139.3,139.36 1 0
test-bpjs/v2/controller/api_controller.go:143.65,144.36 1 0
test-bpjs/v2/controller/api_controller.go:144.36,150.42 4 0
test-bpjs/v2/controller/api_controller.go:150.42,152.4 1 0
test-bpjs/v2/controller/api_controller.go:154.3,154.45 1 0
test-bpjs/v2/controller/api_controller.go:154.45,156.4 1 0
test-bpjs/v2/controller/api_controller.go:158.3,159.17 2 0
test-bpjs/v2/controller/api_controller.go:159.17,161.4 1 0
test-bpjs/v2/controller/api_controller.go:163.3,163.36 1 0
test-bpjs/v2/controller/api_controller.go:167.63,168.36 1 0
test-bpjs/v2/controller/api_controller.go:168.36,174.42 4 0
test-bpjs/v2/controller/api_controller.go:174.42,176.4 1 0
test-bpjs/v2/controller/api_controller.go:178.3,178.45 1 0
test-bpjs/v2/controller/api_controller.go:178.45,180.4 1 0
test-bpjs/v2/controller/api_controller.go:182.3,183.17 2 0
test-bpjs/v2/controller/api_controller.go:183.17,185.4 1 0
test-bpjs/v2/controller/api_controller.go:187.3,187.36 1 0
test-bpjs/v2/controller/api_controller.go:191.63,192.36 1 0
test-bpjs/v2/controller/api_controller.go:192.36,198.42 4 0
test-bpjs/v2/controller/api_controller.go:198.42,200.4 1 0
test-bpjs/v2/controller/api_controller.go:202.3,202.45 1 0
test-bpjs/v2/controller/api_controller.go:202.45,204.4 1 0
test-bpjs/v2/controller/api_controller.go:206.3,207.17 2 0
test-bpjs/v2/controller/api_controller.go:207.17,209.4 1 0
test-bpjs/v2/controller/api_controller.go:211.3,211.36 1 0
test-bpjs/v2/controller/api_controller.go:215.78,216.36 1 0
test-bpjs/v2/controller/api_controller.go:216.36,222.42 4 0
test-bpjs/v2/controller/api_controller.go:222.42,224.4 1 0
test-bpjs/v2/controller/api_controller.go:226.3,226.45 1 0
test-bpjs/v2/controller/api_controller.go:226.45,228.4 1 0
test-bpjs/v2/controller/api_controller.go:230.3,231.17 2 0
test-bpjs/v2/controller/api_controller.go:231.17,233.4 1 0
test-bpjs/v2/controller/api_controller.go:235.3,235.36 1 0
test-bpjs/v2/controller/api_controller.go:239.81,240.36 1 0
test-bpjs/v2/controller/api_controller.go:240.36,246.42 4 0
test-bpjs/v2/controller/api_controller.go:246.42,248.4 1 0
test-bpjs/v2/controller/api_controller.go:250.3,250.45 1 0
test-bpjs/v2/controller/api_controller.go:250.45,252.4 1 0
test-bpjs/v2/controller/api_controller.go:254.3,255.17 2 0
test-bpjs/v2/controller/api_controller.go:255.17,257.4 1 0
test-bpjs/v2/controller/api_controller.go:259.3,259.36 1 0
test-bpjs/v2/controller/api_controller.go:263.74,264.36 1 0
test-bpjs/v2/controller/api_controller.go:264.36,270.42 4 0
test-bpjs/v2/controller/api_controller.go:270.42,272.4 1 0
test-bpjs/v2/controller/api_controller.go:274.3,274.45 1 0
test-bpjs/v2/controller/api_controller.go:274.45,276.4 1 0
test-bpjs/v2/controller/api_controller.go:278.3,279.17 2 0
test-bpjs/v2/controller/api_controller.go:279.17,281.4 1 0
test-bpjs/v2/controller/api_controller.go:283.3,283.36 1 0
test-bpjs/v2/controller/api_controller.go:287.70,288.36 1 0
test-bpjs/v2/controller/api_controller.go:288.36,294.42 4 0
test-bpjs/v2/controller/api_controller.go:294.42,296.4 1 0
test-bpjs/v2/controller/api_controller.go:298.3,298.45 1 0
test-bpjs/v2/controller/api_controller.go:298.45,300.4 1 0
test-bpjs/v2/controller/api_controller.go:302.3,303.17 2 0
test-bpjs/v2/controller/api_controller.go:303.17,305.4 1 0
test-bpjs/v2/controller/api_controller.go:307.3,307.36 1 0
test-bpjs/v2/controller/api_controller.go:311.78,312.36 1 0
test-bpjs/v2/controller/api_controller.go:312.36,318.42 4 0
test-bpjs/v2/controller/api_controller.go:318.42,320.4 1 0
test-bpjs/v2/controller/api_controller.go:322.3,322.45 1 0
test-bpjs/v2/controller/api_controller.go:322.45,324.4 1 0
test-bpjs/v2/controller/api_controller.go:326.3,327.17 2 0
test-bpjs/v2/controller/api_controller.go:327.17,329.4 1 0
test-bpjs/v2/controller/api_controller.go:331.3,331.36 1 0
test-bpjs/v2/controller/api_controller.go:335.75,336.36 1 0
test-bpjs/v2/controller/api_controller.go:336.36,342.42 4 0
test-bpjs/v2/controller/api_controller.go:342.42,344.4 1 0
test-bpjs/v2/controller/api_controller.go:346.3,346.45 1 0
test-bpjs/v2/controller/api_controller.go:346.45,348.4 1 0
test-bpjs/v2/controller/api_controller.go:350.3,351.17 2 0
test-bpjs/v2/controller/api_controller.go:351.17,353.4 1 0
test-bpjs/v2/controller/api_controller.go:355.3,355.36 1 0
test-bpjs/v2/controller/api_controller.go:359.71,360.36 1 0
test-bpjs/v2/controller/api_controller.go:360.36,366.42 4 0
test-bpjs/v2/controller/api_controller.go:366.42,368.4 1 0
test-bpjs/v2/controller/api_controller.go:370.3,370.45 1 0
test-bpjs/v2/controller/api_controller.go:370.45,372.4 1 0
test-bpjs/v2/controller/api_controller.go:374.3,375.17 2 0
test-bpjs/v2/controller/api_controller.go:375.17,377.4 1 0
test-bpjs/v2/controller/api_controller.go:379.3,379.36 1 0
test-bpjs/v2/controller/api_controller.go:383.79,384.36 1 0
test-bpjs/v2/controller/api_controller.go:384.36,390.42 4 0
test-bpjs/v2/controller/api_controller.go:390.42,392.4 1 0
test-bpjs/v2/controller/api_controller.go:394.3,394.45 1 0
test-bpjs/v2/controller/api_controller.go:394.45,396.4 1 0
test-bpjs/v2/controller/api_controller.go:398.3,399.17 2 0
test-bpjs/v2/controller/api_controller.go:399.17,401.4 1 0
test-bpjs/v2/controller/api_controller.go:403.3,403.36 1 0
test-bpjs/v2/controller/api_controller.go:407.70,408.36 1 0
test-bpjs/v2/controller/api_controller.go:408.36,414.42 4 0
test-bpjs/v2/controller/api_controller.go:414.42,416.4 1 0
test-bpjs/v2/controller/api_controller.go:418.3,418.45 1 0
test-bpjs/v2/controller/api_controller.go:418.45,420.4 1 0
test-bpjs/v2/controller/api_controller.go:422.3,423.17 2 0
test-bpjs/v2/controller/api_controller.go:423.17,425.4 1 0
test-bpjs/v2/controller/api_controller.go:427.3,427.36 1 0
test-bpjs/v2/controller/api_controller.go:431.66,432.36 1 0
test-bpjs/v2/controller/api_controller.go:432.36,438.42 4 0
test-bpjs/v2/controller/api_controller.go:438.42,440.4 1 0
test-bpjs/v2/controller/api_controller.go:442.3,442.45 1 0
test-bpjs/v2/controller/api_controller.go:442.45,444.4 1 0
test-bpjs/v2/controller/api_controller.go:446.3,447.17 2 0
test-bpjs/v2/controller/api_controller.go:447.17,449.4 1 0
test-bpjs/v2/controller/api_controller.go:451.3,451.36 1 0
test-bpjs/v2/controller/api_controller.go:455.74,456.36 1 0
test-bpjs/v2/controller/api_controller.go:456.36,462.42 4 0
test-bpjs/v2/controller/api_controller.go:462.42,464.4 1 0
test-bpjs/v2/controller/api_controller.go:466.3,466.45 1 0
test-bpjs/v2/controller/api_controller.go:466.45,468.4 1 0
test-bpjs/v2/controller/api_controller.go:470.3,471.17 2 0
test-bpjs/v2/controller/api_controller.go:471.17,473.4 1 0
test-bpjs/v2/controller/api_controller.go:475.3,475.36 1 0
test-bpjs/v2/service/education/education_service.go:23.90,25.2 1 1
test-bpjs/v2/service/education/education_service.go:27.111,31.16 3 2
test-bpjs/v2/service/education/education_service.go:31.16,33.3 1 1
test-bpjs/v2/service/education/education_service.go:35.2,35.39 1 1
test-bpjs/v2/service/education/education_service.go:35.39,37.3 1 1
test-bpjs/v2/service/education/education_service.go:38.2,40.8 1 1
test-bpjs/v2/service/education/education_service.go:43.146,53.16 2 2
test-bpjs/v2/service/education/education_service.go:53.16,55.3 1 1
test-bpjs/v2/service/education/education_service.go:56.2,59.8 1 1
test-bpjs/v2/service/education/education_service.go:62.114,64.16 2 2
test-bpjs/v2/service/education/education_service.go:64.16,66.3 1 1
test-bpjs/v2/service/education/education_service.go:67.2,69.8 1 1
test-bpjs/v2/service/employment/employment_service.go:23.94,25.2 1 0
test-bpjs/v2/service/employment/employment_service.go:27.114,31.16 3 0
test-bpjs/v2/service/employment/employment_service.go:31.16,33.3 1 0
test-bpjs/v2/service/employment/employment_service.go:35.2,35.41 1 0
test-bpjs/v2/service/employment/employment_service.go:35.41,37.3 1 0
test-bpjs/v2/service/employment/employment_service.go:38.2,40.8 1 0
test-bpjs/v2/service/employment/employment_service.go:43.149,53.16 2 0
test-bpjs/v2/service/employment/employment_service.go:53.16,55.3 1 0
test-bpjs/v2/service/employment/employment_service.go:56.2,59.8 1 0
test-bpjs/v2/service/employment/employment_service.go:62.116,64.16 2 0
test-bpjs/v2/service/employment/employment_service.go:64.16,66.3 1 0
test-bpjs/v2/service/employment/employment_service.go:67.2,69.8 1 0
test-bpjs/v2/service/profile/profile_service.go:35.82,37.2 1 0
test-bpjs/v2/service/profile/profile_service.go:39.115,41.16 2 0
test-bpjs/v2/service/profile/profile_service.go:41.16,44.3 2 0
test-bpjs/v2/service/profile/profile_service.go:45.2,45.49 1 0
test-bpjs/v2/service/profile/profile_service.go:48.130,50.16 2 0
test-bpjs/v2/service/profile/profile_service.go:50.16,52.3 1 0
test-bpjs/v2/service/profile/profile_service.go:53.2,55.8 1 0
test-bpjs/v2/service/profile/profile_service.go:58.134,74.16 2 0
test-bpjs/v2/service/profile/profile_service.go:74.16,76.3 1 0
test-bpjs/v2/service/profile/profile_service.go:77.2,79.8 1 0
test-bpjs/v2/service/profile/profile_service.go:82.134,99.16 2 0
test-bpjs/v2/service/profile/profile_service.go:99.16,101.3 1 0
test-bpjs/v2/service/profile/profile_service.go:102.2,104.8 1 0
test-bpjs/v2/service/profile/profile_service.go:107.110,109.16 2 0
test-bpjs/v2/service/profile/profile_service.go:109.16,111.3 1 0
test-bpjs/v2/service/profile/profile_service.go:112.2,114.8 1 0
test-bpjs/v2/service/profile/profile_service.go:117.140,124.16 6 0
test-bpjs/v2/service/profile/profile_service.go:124.16,126.3 1 0
test-bpjs/v2/service/profile/profile_service.go:128.2,131.16 3 0
test-bpjs/v2/service/profile/profile_service.go:131.16,133.3 1 0
test-bpjs/v2/service/profile/profile_service.go:135.2,136.16 2 0
test-bpjs/v2/service/profile/profile_service.go:136.16,138.17 2 0
test-bpjs/v2/service/profile/profile_service.go:138.17,140.18 2 0
test-bpjs/v2/service/profile/profile_service.go:140.18,142.5 1 0
test-bpjs/v2/service/profile/profile_service.go:146.2,149.16 3 0
test-bpjs/v2/service/profile/profile_service.go:149.16,151.3 1 0
test-bpjs/v2/service/profile/profile_service.go:153.2,156.16 2 0
test-bpjs/v2/service/profile/profile_service.go:156.16,158.3 1 0
test-bpjs/v2/service/profile/profile_service.go:160.2,163.8 1 0
test-bpjs/v2/service/profile/profile_service.go:166.93,170.16 3 0
test-bpjs/v2/service/profile/profile_service.go:170.16,172.3 1 0
test-bpjs/v2/service/profile/profile_service.go:174.2,176.16 3 0
test-bpjs/v2/service/profile/profile_service.go:176.16,178.17 2 0
test-bpjs/v2/service/profile/profile_service.go:178.17,180.4 1 0
test-bpjs/v2/service/profile/profile_service.go:182.2,185.16 3 0
test-bpjs/v2/service/profile/profile_service.go:185.16,187.3 1 0
test-bpjs/v2/service/profile/profile_service.go:189.2,190.16 2 0
test-bpjs/v2/service/profile/profile_service.go:190.16,192.3 1 0
test-bpjs/v2/service/profile/profile_service.go:195.2,198.17 3 0
test-bpjs/v2/service/skill/skill_service.go:23.74,25.2 1 0
test-bpjs/v2/service/skill/skill_service.go:27.100,31.16 3 0
test-bpjs/v2/service/skill/skill_service.go:31.16,33.3 1 0
test-bpjs/v2/service/skill/skill_service.go:35.2,35.31 1 0
test-bpjs/v2/service/skill/skill_service.go:35.31,37.3 1 0
test-bpjs/v2/service/skill/skill_service.go:38.2,40.8 1 0
test-bpjs/v2/service/skill/skill_service.go:43.134,49.16 2 0
test-bpjs/v2/service/skill/skill_service.go:49.16,51.3 1 0
test-bpjs/v2/service/skill/skill_service.go:52.2,55.8 1 0
test-bpjs/v2/service/skill/skill_service.go:58.106,60.16 2 0
test-bpjs/v2/service/skill/skill_service.go:60.16,62.3 1 0
test-bpjs/v2/service/skill/skill_service.go:63.2,65.8 1 0
test-bpjs/v2/controller/api_controller.go:33.25,41.2 1 67
test-bpjs/v2/controller/api_controller.go:43.44,72.2 17 0
test-bpjs/v2/controller/api_controller.go:74.68,75.36 1 4
test-bpjs/v2/controller/api_controller.go:75.36,81.42 4 4
test-bpjs/v2/controller/api_controller.go:81.42,83.4 1 1
test-bpjs/v2/controller/api_controller.go:85.3,85.45 1 3
test-bpjs/v2/controller/api_controller.go:85.45,87.4 1 1
test-bpjs/v2/controller/api_controller.go:89.3,90.17 2 2
test-bpjs/v2/controller/api_controller.go:90.17,92.4 1 1
test-bpjs/v2/controller/api_controller.go:94.3,94.36 1 1
test-bpjs/v2/controller/api_controller.go:98.65,99.36 1 3
test-bpjs/v2/controller/api_controller.go:99.36,106.42 4 3
test-bpjs/v2/controller/api_controller.go:106.42,108.4 1 1
test-bpjs/v2/controller/api_controller.go:110.3,111.17 2 2
test-bpjs/v2/controller/api_controller.go:111.17,113.4 1 1
test-bpjs/v2/controller/api_controller.go:115.3,115.36 1 1
test-bpjs/v2/controller/api_controller.go:119.65,120.36 1 4
test-bpjs/v2/controller/api_controller.go:120.36,126.42 4 4
test-bpjs/v2/controller/api_controller.go:126.42,128.4 1 1
test-bpjs/v2/controller/api_controller.go:130.3,130.45 1 3
test-bpjs/v2/controller/api_controller.go:130.45,132.4 1 1
test-bpjs/v2/controller/api_controller.go:134.3,135.17 2 2
test-bpjs/v2/controller/api_controller.go:135.17,137.4 1 1
test-bpjs/v2/controller/api_controller.go:139.3,139.36 1 1
test-bpjs/v2/controller/api_controller.go:143.65,144.36 1 4
test-bpjs/v2/controller/api_controller.go:144.36,150.42 4 4
test-bpjs/v2/controller/api_controller.go:150.42,152.4 1 1
test-bpjs/v2/controller/api_controller.go:154.3,154.45 1 3
test-bpjs/v2/controller/api_controller.go:154.45,156.4 1 1
test-bpjs/v2/controller/api_controller.go:158.3,159.17 2 2
test-bpjs/v2/controller/api_controller.go:159.17,161.4 1 1
test-bpjs/v2/controller/api_controller.go:163.3,163.36 1 1
test-bpjs/v2/controller/api_controller.go:167.63,168.36 1 4
test-bpjs/v2/controller/api_controller.go:168.36,174.42 4 4
test-bpjs/v2/controller/api_controller.go:174.42,176.4 1 1
test-bpjs/v2/controller/api_controller.go:178.3,178.45 1 3
test-bpjs/v2/controller/api_controller.go:178.45,180.4 1 1
test-bpjs/v2/controller/api_controller.go:182.3,183.17 2 2
test-bpjs/v2/controller/api_controller.go:183.17,185.4 1 1
test-bpjs/v2/controller/api_controller.go:187.3,187.36 1 1
test-bpjs/v2/controller/api_controller.go:191.63,192.36 1 4
test-bpjs/v2/controller/api_controller.go:192.36,198.42 4 4
test-bpjs/v2/controller/api_controller.go:198.42,200.4 1 1
test-bpjs/v2/controller/api_controller.go:202.3,202.45 1 3
test-bpjs/v2/controller/api_controller.go:202.45,204.4 1 1
test-bpjs/v2/controller/api_controller.go:206.3,207.17 2 2
test-bpjs/v2/controller/api_controller.go:207.17,209.4 1 1
test-bpjs/v2/controller/api_controller.go:211.3,211.36 1 1
test-bpjs/v2/controller/api_controller.go:215.78,216.36 1 4
test-bpjs/v2/controller/api_controller.go:216.36,222.42 4 4
test-bpjs/v2/controller/api_controller.go:222.42,224.4 1 1
test-bpjs/v2/controller/api_controller.go:226.3,226.45 1 3
test-bpjs/v2/controller/api_controller.go:226.45,228.4 1 1
test-bpjs/v2/controller/api_controller.go:230.3,231.17 2 2
test-bpjs/v2/controller/api_controller.go:231.17,233.4 1 1
test-bpjs/v2/controller/api_controller.go:235.3,235.36 1 1
test-bpjs/v2/controller/api_controller.go:239.81,240.36 1 4
test-bpjs/v2/controller/api_controller.go:240.36,246.42 4 4
test-bpjs/v2/controller/api_controller.go:246.42,248.4 1 1
test-bpjs/v2/controller/api_controller.go:250.3,250.45 1 3
test-bpjs/v2/controller/api_controller.go:250.45,252.4 1 1
test-bpjs/v2/controller/api_controller.go:254.3,255.17 2 2
test-bpjs/v2/controller/api_controller.go:255.17,257.4 1 1
test-bpjs/v2/controller/api_controller.go:259.3,259.36 1 1
test-bpjs/v2/controller/api_controller.go:263.74,264.36 1 4
test-bpjs/v2/controller/api_controller.go:264.36,270.42 4 4
test-bpjs/v2/controller/api_controller.go:270.42,272.4 1 1
test-bpjs/v2/controller/api_controller.go:274.3,274.45 1 3
test-bpjs/v2/controller/api_controller.go:274.45,276.4 1 1
test-bpjs/v2/controller/api_controller.go:278.3,279.17 2 2
test-bpjs/v2/controller/api_controller.go:279.17,281.4 1 1
test-bpjs/v2/controller/api_controller.go:283.3,283.36 1 1
test-bpjs/v2/controller/api_controller.go:287.70,288.36 1 4
test-bpjs/v2/controller/api_controller.go:288.36,294.42 4 4
test-bpjs/v2/controller/api_controller.go:294.42,296.4 1 1
test-bpjs/v2/controller/api_controller.go:298.3,298.45 1 3
test-bpjs/v2/controller/api_controller.go:298.45,300.4 1 1
test-bpjs/v2/controller/api_controller.go:302.3,303.17 2 2
test-bpjs/v2/controller/api_controller.go:303.17,305.4 1 1
test-bpjs/v2/controller/api_controller.go:307.3,307.36 1 1
test-bpjs/v2/controller/api_controller.go:311.78,312.36 1 4
test-bpjs/v2/controller/api_controller.go:312.36,318.42 4 4
test-bpjs/v2/controller/api_controller.go:318.42,320.4 1 1
test-bpjs/v2/controller/api_controller.go:322.3,322.45 1 3
test-bpjs/v2/controller/api_controller.go:322.45,324.4 1 1
test-bpjs/v2/controller/api_controller.go:326.3,327.17 2 2
test-bpjs/v2/controller/api_controller.go:327.17,329.4 1 1
test-bpjs/v2/controller/api_controller.go:331.3,331.36 1 1
test-bpjs/v2/controller/api_controller.go:335.75,336.36 1 4
test-bpjs/v2/controller/api_controller.go:336.36,342.42 4 4
test-bpjs/v2/controller/api_controller.go:342.42,344.4 1 1
test-bpjs/v2/controller/api_controller.go:346.3,346.45 1 3
test-bpjs/v2/controller/api_controller.go:346.45,348.4 1 1
test-bpjs/v2/controller/api_controller.go:350.3,351.17 2 2
test-bpjs/v2/controller/api_controller.go:351.17,353.4 1 1
test-bpjs/v2/controller/api_controller.go:355.3,355.36 1 1
test-bpjs/v2/controller/api_controller.go:359.71,360.36 1 4
test-bpjs/v2/controller/api_controller.go:360.36,366.42 4 4
test-bpjs/v2/controller/api_controller.go:366.42,368.4 1 1
test-bpjs/v2/controller/api_controller.go:370.3,370.45 1 3
test-bpjs/v2/controller/api_controller.go:370.45,372.4 1 1
test-bpjs/v2/controller/api_controller.go:374.3,375.17 2 2
test-bpjs/v2/controller/api_controller.go:375.17,377.4 1 1
test-bpjs/v2/controller/api_controller.go:379.3,379.36 1 1
test-bpjs/v2/controller/api_controller.go:383.79,384.36 1 4
test-bpjs/v2/controller/api_controller.go:384.36,390.42 4 4
test-bpjs/v2/controller/api_controller.go:390.42,392.4 1 1
test-bpjs/v2/controller/api_controller.go:394.3,394.45 1 3
test-bpjs/v2/controller/api_controller.go:394.45,396.4 1 1
test-bpjs/v2/controller/api_controller.go:398.3,399.17 2 2
test-bpjs/v2/controller/api_controller.go:399.17,401.4 1 1
test-bpjs/v2/controller/api_controller.go:403.3,403.36 1 1
test-bpjs/v2/controller/api_controller.go:407.70,408.36 1 4
test-bpjs/v2/controller/api_controller.go:408.36,414.42 4 4
test-bpjs/v2/controller/api_controller.go:414.42,416.4 1 1
test-bpjs/v2/controller/api_controller.go:418.3,418.45 1 3
test-bpjs/v2/controller/api_controller.go:418.45,420.4 1 1
test-bpjs/v2/controller/api_controller.go:422.3,423.17 2 2
test-bpjs/v2/controller/api_controller.go:423.17,425.4 1 1
test-bpjs/v2/controller/api_controller.go:427.3,427.36 1 1
test-bpjs/v2/controller/api_controller.go:431.66,432.36 1 4
test-bpjs/v2/controller/api_controller.go:432.36,438.42 4 4
test-bpjs/v2/controller/api_controller.go:438.42,440.4 1 1
test-bpjs/v2/controller/api_controller.go:442.3,442.45 1 3
test-bpjs/v2/controller/api_controller.go:442.45,444.4 1 1
test-bpjs/v2/controller/api_controller.go:446.3,447.17 2 2
test-bpjs/v2/controller/api_controller.go:447.17,449.4 1 1
test-bpjs/v2/controller/api_controller.go:451.3,451.36 1 1
test-bpjs/v2/controller/api_controller.go:455.74,456.36 1 4
test-bpjs/v2/controller/api_controller.go:456.36,462.42 4 4
test-bpjs/v2/controller/api_controller.go:462.42,464.4 1 1
test-bpjs/v2/controller/api_controller.go:466.3,466.45 1 3
test-bpjs/v2/controller/api_controller.go:466.45,468.4 1 1
test-bpjs/v2/controller/api_controller.go:470.3,471.17 2 2
test-bpjs/v2/controller/api_controller.go:471.17,473.4 1 1
test-bpjs/v2/controller/api_controller.go:475.3,475.36 1 1
test-bpjs/v2/service/education/education_service.go:23.90,25.2 1 1
test-bpjs/v2/service/education/education_service.go:27.111,31.16 3 2
test-bpjs/v2/service/education/education_service.go:31.16,33.3 1 1
test-bpjs/v2/service/education/education_service.go:35.2,35.39 1 1
test-bpjs/v2/service/education/education_service.go:35.39,37.3 1 1
test-bpjs/v2/service/education/education_service.go:38.2,40.8 1 1
test-bpjs/v2/service/education/education_service.go:43.146,53.16 2 2
test-bpjs/v2/service/education/education_service.go:53.16,55.3 1 1
test-bpjs/v2/service/education/education_service.go:56.2,59.8 1 1
test-bpjs/v2/service/education/education_service.go:62.114,64.16 2 2
test-bpjs/v2/service/education/education_service.go:64.16,66.3 1 1
test-bpjs/v2/service/education/education_service.go:67.2,69.8 1 1
test-bpjs/v2/service/employment/employment_service.go:23.94,25.2 1 1
test-bpjs/v2/service/employment/employment_service.go:27.114,31.16 3 2
test-bpjs/v2/service/employment/employment_service.go:31.16,33.3 1 1
test-bpjs/v2/service/employment/employment_service.go:35.2,35.41 1 1
test-bpjs/v2/service/employment/employment_service.go:35.41,37.3 1 1
test-bpjs/v2/service/employment/employment_service.go:38.2,40.8 1 1
test-bpjs/v2/service/employment/employment_service.go:43.149,53.16 2 2
test-bpjs/v2/service/employment/employment_service.go:53.16,55.3 1 1
test-bpjs/v2/service/employment/employment_service.go:56.2,59.8 1 1
test-bpjs/v2/service/employment/employment_service.go:62.116,64.16 2 2
test-bpjs/v2/service/employment/employment_service.go:64.16,66.3 1 1
test-bpjs/v2/service/employment/employment_service.go:67.2,69.8 1 1
test-bpjs/v2/service/profile/profile_service.go:35.82,37.2 1 1
test-bpjs/v2/service/profile/profile_service.go:39.115,41.16 2 2
test-bpjs/v2/service/profile/profile_service.go:41.16,44.3 2 1
test-bpjs/v2/service/profile/profile_service.go:45.2,45.49 1 1
test-bpjs/v2/service/profile/profile_service.go:48.130,50.16 2 2
test-bpjs/v2/service/profile/profile_service.go:50.16,52.3 1 1
test-bpjs/v2/service/profile/profile_service.go:53.2,55.8 1 1
test-bpjs/v2/service/profile/profile_service.go:58.134,74.16 2 2
test-bpjs/v2/service/profile/profile_service.go:74.16,76.3 1 1
test-bpjs/v2/service/profile/profile_service.go:77.2,79.8 1 1
test-bpjs/v2/service/profile/profile_service.go:82.134,99.16 2 4
test-bpjs/v2/service/profile/profile_service.go:99.16,101.3 1 2
test-bpjs/v2/service/profile/profile_service.go:102.2,104.8 1 2
test-bpjs/v2/service/profile/profile_service.go:107.110,109.16 2 2
test-bpjs/v2/service/profile/profile_service.go:109.16,111.3 1 1
test-bpjs/v2/service/profile/profile_service.go:112.2,114.8 1 1
test-bpjs/v2/service/profile/profile_service.go:117.140,124.16 6 2
test-bpjs/v2/service/profile/profile_service.go:124.16,126.3 1 0
test-bpjs/v2/service/profile/profile_service.go:128.2,131.16 3 2
test-bpjs/v2/service/profile/profile_service.go:131.16,133.3 1 1
test-bpjs/v2/service/profile/profile_service.go:135.2,136.16 2 1
test-bpjs/v2/service/profile/profile_service.go:136.16,138.17 2 1
test-bpjs/v2/service/profile/profile_service.go:138.17,140.18 2 0
test-bpjs/v2/service/profile/profile_service.go:140.18,142.5 1 0
test-bpjs/v2/service/profile/profile_service.go:146.2,149.16 3 1
test-bpjs/v2/service/profile/profile_service.go:149.16,151.3 1 0
test-bpjs/v2/service/profile/profile_service.go:153.2,156.16 2 1
test-bpjs/v2/service/profile/profile_service.go:156.16,158.3 1 0
test-bpjs/v2/service/profile/profile_service.go:160.2,163.8 1 1
test-bpjs/v2/service/profile/profile_service.go:166.93,170.16 3 2
test-bpjs/v2/service/profile/profile_service.go:170.16,172.3 1 0
test-bpjs/v2/service/profile/profile_service.go:174.2,176.16 3 2
test-bpjs/v2/service/profile/profile_service.go:176.16,178.17 2 2
test-bpjs/v2/service/profile/profile_service.go:178.17,180.4 1 1
test-bpjs/v2/service/profile/profile_service.go:182.2,185.16 3 1
test-bpjs/v2/service/profile/profile_service.go:185.16,187.3 1 0
test-bpjs/v2/service/profile/profile_service.go:189.2,190.16 2 1
test-bpjs/v2/service/profile/profile_service.go:190.16,192.3 1 0
test-bpjs/v2/service/profile/profile_service.go:195.2,198.17 3 1
test-bpjs/v2/service/skill/skill_service.go:23.74,25.2 1 1
test-bpjs/v2/service/skill/skill_service.go:27.100,31.16 3 2
test-bpjs/v2/service/skill/skill_service.go:31.16,33.3 1 1
test-bpjs/v2/service/skill/skill_service.go:35.2,35.31 1 1
test-bpjs/v2/service/skill/skill_service.go:35.31,37.3 1 1
test-bpjs/v2/service/skill/skill_service.go:38.2,40.8 1 1
test-bpjs/v2/service/skill/skill_service.go:43.134,49.16 2 2
test-bpjs/v2/service/skill/skill_service.go:49.16,51.3 1 1
test-bpjs/v2/service/skill/skill_service.go:52.2,55.8 1 1
test-bpjs/v2/service/skill/skill_service.go:58.106,60.16 2 2
test-bpjs/v2/service/skill/skill_service.go:60.16,62.3 1 1
test-bpjs/v2/service/skill/skill_service.go:63.2,65.8 1 1
test-bpjs/v2/controller/api_controller.go:33.25,41.2 1 0
test-bpjs/v2/controller/api_controller.go:43.44,72.2 17 0
test-bpjs/v2/controller/api_controller.go:74.68,75.36 1 0
test-bpjs/v2/controller/api_controller.go:75.36,81.42 4 0
test-bpjs/v2/controller/api_controller.go:81.42,83.4 1 0
test-bpjs/v2/controller/api_controller.go:85.3,85.45 1 0
test-bpjs/v2/controller/api_controller.go:85.45,87.4 1 0
test-bpjs/v2/controller/api_controller.go:89.3,90.17 2 0
test-bpjs/v2/controller/api_controller.go:90.17,92.4 1 0
test-bpjs/v2/controller/api_controller.go:94.3,94.36 1 0
test-bpjs/v2/controller/api_controller.go:98.65,99.36 1 0
test-bpjs/v2/controller/api_controller.go:99.36,106.42 4 0
test-bpjs/v2/controller/api_controller.go:106.42,108.4 1 0
test-bpjs/v2/controller/api_controller.go:110.3,111.17 2 0
test-bpjs/v2/controller/api_controller.go:111.17,113.4 1 0
test-bpjs/v2/controller/api_controller.go:115.3,115.36 1 0
test-bpjs/v2/controller/api_controller.go:119.65,120.36 1 0
test-bpjs/v2/controller/api_controller.go:120.36,126.42 4 0
test-bpjs/v2/controller/api_controller.go:126.42,128.4 1 0
test-bpjs/v2/controller/api_controller.go:130.3,130.45 1 0
test-bpjs/v2/controller/api_controller.go:130.45,132.4 1 0
test-bpjs/v2/controller/api_controller.go:134.3,135.17 2 0
test-bpjs/v2/controller/api_controller.go:135.17,137.4 1 0
test-bpjs/v2/controller/api_controller.go:139.3,139.36 1 0
test-bpjs/v2/controller/api_controller.go:143.65,144.36 1 0
test-bpjs/v2/controller/api_controller.go:144.36,150.42 4 0
test-bpjs/v2/controller/api_controller.go:150.42,152.4 1 0
test-bpjs/v2/controller/api_controller.go:154.3,154.45 1 0
test-bpjs/v2/controller/api_controller.go:154.45,156.4 1 0
test-bpjs/v2/controller/api_controller.go:158.3,159.17 2 0
test-bpjs/v2/controller/api_controller.go:159.17,161.4 1 0
test-bpjs/v2/controller/api_controller.go:163.3,163.36 1 0
test-bpjs/v2/controller/api_controller.go:167.63,168.36 1 0
test-bpjs/v2/controller/api_controller.go:168.36,174.42 4 0
test-bpjs/v2/controller/api_controller.go:174.42,176.4 1 0
test-bpjs/v2/controller/api_controller.go:178.3,178.45 1 0
test-bpjs/v2/controller/api_controller.go:178.45,180.4 1 0
test-bpjs/v2/controller/api_controller.go:182.3,183.17 2 0
test-bpjs/v2/controller/api_controller.go:183.17,185.4 1 0
test-bpjs/v2/controller/api_controller.go:187.3,187.36 1 0
test-bpjs/v2/controller/api_controller.go:191.63,192.36 1 0
test-bpjs/v2/controller/api_controller.go:192.36,198.42 4 0
test-bpjs/v2/controller/api_controller.go:198.42,200.4 1 0
test-bpjs/v2/controller/api_controller.go:202.3,202.45 1 0
test-bpjs/v2/controller/api_controller.go:202.45,204.4 1 0
test-bpjs/v2/controller/api_controller.go:206.3,207.17 2 0
test-bpjs/v2/controller/api_controller.go:207.17,209.4 1 0
test-bpjs/v2/controller/api_controller.go:211.3,211.36 1 0
test-bpjs/v2/controller/api_controller.go:215.78,216.36 1 0
test-bpjs/v2/controller/api_controller.go:216.36,222.42 4 0
test-bpjs/v2/controller/api_controller.go:222.42,224.4 1 0
test-bpjs/v2/controller/api_controller.go:226.3,226.45 1 0
test-bpjs/v2/controller/api_controller.go:226.45,228.4 1 0
test-bpjs/v2/controller/api_controller.go:230.3,231.17 2 0
test-bpjs/v2/controller/api_controller.go:231.17,233.4 1 0
test-bpjs/v2/controller/api_controller.go:235.3,235.36 1 0
test-bpjs/v2/controller/api_controller.go:239.81,240.36 1 0
test-bpjs/v2/controller/api_controller.go:240.36,246.42 4 0
test-bpjs/v2/controller/api_controller.go:246.42,248.4 1 0
test-bpjs/v2/controller/api_controller.go:250.3,250.45 1 0
test-bpjs/v2/controller/api_controller.go:250.45,252.4 1 0
test-bpjs/v2/controller/api_controller.go:254.3,255.17 2 0
test-bpjs/v2/controller/api_controller.go:255.17,257.4 1 0
test-bpjs/v2/controller/api_controller.go:259.3,259.36 1 0
test-bpjs/v2/controller/api_controller.go:263.74,264.36 1 0
test-bpjs/v2/controller/api_controller.go:264.36,270.42 4 0
test-bpjs/v2/controller/api_controller.go:270.42,272.4 1 0
test-bpjs/v2/controller/api_controller.go:274.3,274.45 1 0
test-bpjs/v2/controller/api_controller.go:274.45,276.4 1 0
test-bpjs/v2/controller/api_controller.go:278.3,279.17 2 0
test-bpjs/v2/controller/api_controller.go:279.17,281.4 1 0
test-bpjs/v2/controller/api_controller.go:283.3,283.36 1 0
test-bpjs/v2/controller/api_controller.go:287.70,288.36 1 0
test-bpjs/v2/controller/api_controller.go:288.36,294.42 4 0
test-bpjs/v2/controller/api_controller.go:294.42,296.4 1 0
test-bpjs/v2/controller/api_controller.go:298.3,298.45 1 0
test-bpjs/v2/controller/api_controller.go:298.45,300.4 1 0
test-bpjs/v2/controller/api_controller.go:302.3,303.17 2 0
test-bpjs/v2/controller/api_controller.go:303.17,305.4 1 0
test-bpjs/v2/controller/api_controller.go:307.3,307.36 1 0
test-bpjs/v2/controller/api_controller.go:311.78,312.36 1 0
test-bpjs/v2/controller/api_controller.go:312.36,318.42 4 0
test-bpjs/v2/controller/api_controller.go:318.42,320.4 1 0
test-bpjs/v2/controller/api_controller.go:322.3,322.45 1 0
test-bpjs/v2/controller/api_controller.go:322.45,324.4 1 0
test-bpjs/v2/controller/api_controller.go:326.3,327.17 2 0
test-bpjs/v2/controller/api_controller.go:327.17,329.4 1 0
test-bpjs/v2/controller/api_controller.go:331.3,331.36 1 0
test-bpjs/v2/controller/api_controller.go:335.75,336.36 1 0
test-bpjs/v2/controller/api_controller.go:336.36,342.42 4 0
test-bpjs/v2/controller/api_controller.go:342.42,344.4 1 0
test-bpjs/v2/controller/api_controller.go:346.3,346.45 1 0
test-bpjs/v2/controller/api_controller.go:346.45,348.4 1 0
test-bpjs/v2/controller/api_controller.go:350.3,351.17 2 0
test-bpjs/v2/controller/api_controller.go:351.17,353.4 1 0
test-bpjs/v2/controller/api_controller.go:355.3,355.36 1 0
test-bpjs/v2/controller/api_controller.go:359.71,360.36 1 0
test-bpjs/v2/controller/api_controller.go:360.36,366.42 4 0
test-bpjs/v2/controller/api_controller.go:366.42,368.4 1 0
test-bpjs/v2/controller/api_controller.go:370.3,370.45 1 0
test-bpjs/v2/controller/api_controller.go:370.45,372.4 1 0
test-bpjs/v2/controller/api_controller.go:374.3,375.17 2 0
test-bpjs/v2/controller/api_controller.go:375.17,377.4 1 0
test-bpjs/v2/controller/api_controller.go:379.3,379.36 1 0
test-bpjs/v2/controller/api_controller.go:383.79,384.36 1 0
test-bpjs/v2/controller/api_controller.go:384.36,390.42 4 0
test-bpjs/v2/controller/api_controller.go:390.42,392.4 1 0
test-bpjs/v2/controller/api_controller.go:394.3,394.45 1 0
test-bpjs/v2/controller/api_controller.go:394.45,396.4 1 0
test-bpjs/v2/controller/api_controller.go:398.3,399.17 2 0
test-bpjs/v2/controller/api_controller.go:399.17,401.4 1 0
test-bpjs/v2/controller/api_controller.go:403.3,403.36 1 0
test-bpjs/v2/controller/api_controller.go:407.70,408.36 1 0
test-bpjs/v2/controller/api_controller.go:408.36,414.42 4 0
test-bpjs/v2/controller/api_controller.go:414.42,416.4 1 0
test-bpjs/v2/controller/api_controller.go:418.3,418.45 1 0
test-bpjs/v2/controller/api_controller.go:418.45,420.4 1 0
test-bpjs/v2/controller/api_controller.go:422.3,423.17 2 0
test-bpjs/v2/controller/api_controller.go:423.17,425.4 1 0
test-bpjs/v2/controller/api_controller.go:427.3,427.36 1 0
test-bpjs/v2/controller/api_controller.go:431.66,432.36 1 0
test-bpjs/v2/controller/api_controller.go:432.36,438.42 4 0
test-bpjs/v2/controller/api_controller.go:438.42,440.4 1 0
test-bpjs/v2/controller/api_controller.go:442.3,442.45 1 0
test-bpjs/v2/controller/api_controller.go:442.45,444.4 1 0
test-bpjs/v2/controller/api_controller.go:446.3,447.17 2 0
test-bpjs/v2/controller/api_controller.go:447.17,449.4 1 0
test-bpjs/v2/controller/api_controller.go:451.3,451.36 1 0
test-bpjs/v2/controller/api_controller.go:455.74,456.36 1 0
test-bpjs/v2/controller/api_controller.go:456.36,462.42 4 0
test-bpjs/v2/controller/api_controller.go:462.42,464.4 1 0
test-bpjs/v2/controller/api_controller.go:466.3,466.45 1 0
test-bpjs/v2/controller/api_controller.go:466.45,468.4 1 0
test-bpjs/v2/controller/api_controller.go:470.3,471.17 2 0
test-bpjs/v2/controller/api_controller.go:471.17,473.4 1 0
test-bpjs/v2/controller/api_controller.go:475.3,475.36 1 0
test-bpjs/v2/service/education/education_service.go:23.90,25.2 1 0
test-bpjs/v2/service/education/education_service.go:27.111,31.16 3 0
test-bpjs/v2/service/education/education_service.go:31.16,33.3 1 0
test-bpjs/v2/service/education/education_service.go:35.2,35.39 1 0
test-bpjs/v2/service/education/education_service.go:35.39,37.3 1 0
test-bpjs/v2/service/education/education_service.go:38.2,40.8 1 0
test-bpjs/v2/service/education/education_service.go:43.146,53.16 2 0
test-bpjs/v2/service/education/education_service.go:53.16,55.3 1 0
test-bpjs/v2/service/education/education_service.go:56.2,59.8 1 0
test-bpjs/v2/service/education/education_service.go:62.114,64.16 2 0
test-bpjs/v2/service/education/education_service.go:64.16,66.3 1 0
test-bpjs/v2/service/education/education_service.go:67.2,69.8 1 0
test-bpjs/v2/service/employment/employment_service.go:23.94,25.2 1 1
test-bpjs/v2/service/employment/employment_service.go:27.114,31.16 3 2
test-bpjs/v2/service/employment/employment_service.go:31.16,33.3 1 1
test-bpjs/v2/service/employment/employment_service.go:35.2,35.41 1 1
test-bpjs/v2/service/employment/employment_service.go:35.41,37.3 1 1
test-bpjs/v2/service/employment/employment_service.go:38.2,40.8 1 1
test-bpjs/v2/service/employment/employment_service.go:43.149,53.16 2 2
test-bpjs/v2/service/employment/employment_service.go:53.16,55.3 1 1
test-bpjs/v2/service/employment/employment_service.go:56.2,59.8 1 1
test-bpjs/v2/service/employment/employment_service.go:62.116,64.16 2 2
test-bpjs/v2/service/employment/employment_service.go:64.16,66.3 1 1
test-bpjs/v2/service/employment/employment_service.go:67.2,69.8 1 1
test-bpjs/v2/service/profile/profile_service.go:35.82,37.2 1 0
test-bpjs/v2/service/profile/profile_service.go:39.115,41.16 2 0
test-bpjs/v2/service/profile/profile_service.go:41.16,44.3 2 0
test-bpjs/v2/service/profile/profile_service.go:45.2,45.49 1 0
test-bpjs/v2/service/profile/profile_service.go:48.130,50.16 2 0
test-bpjs/v2/service/profile/profile_service.go:50.16,52.3 1 0
test-bpjs/v2/service/profile/profile_service.go:53.2,55.8 1 0
test-bpjs/v2/service/profile/profile_service.go:58.134,74.16 2 0
test-bpjs/v2/service/profile/profile_service.go:74.16,76.3 1 0
test-bpjs/v2/service/profile/profile_service.go:77.2,79.8 1 0
test-bpjs/v2/service/profile/profile_service.go:82.134,99.16 2 0
test-bpjs/v2/service/profile/profile_service.go:99.16,101.3 1 0
test-bpjs/v2/service/profile/profile_service.go:102.2,104.8 1 0
test-bpjs/v2/service/profile/profile_service.go:107.110,109.16 2 0
test-bpjs/v2/service/profile/profile_service.go:109.16,111.3 1 0
test-bpjs/v2/service/profile/profile_service.go:112.2,114.8 1 0
test-bpjs/v2/service/profile/profile_service.go:117.140,124.16 6 0
test-bpjs/v2/service/profile/profile_service.go:124.16,126.3 1 0
test-bpjs/v2/service/profile/profile_service.go:128.2,131.16 3 0
test-bpjs/v2/service/profile/profile_service.go:131.16,133.3 1 0
test-bpjs/v2/service/profile/profile_service.go:135.2,136.16 2 0
test-bpjs/v2/service/profile/profile_service.go:136.16,138.17 2 0
test-bpjs/v2/service/profile/profile_service.go:138.17,140.18 2 0
test-bpjs/v2/service/profile/profile_service.go:140.18,142.5 1 0
test-bpjs/v2/service/profile/profile_service.go:146.2,149.16 3 0
test-bpjs/v2/service/profile/profile_service.go:149.16,151.3 1 0
test-bpjs/v2/service/profile/profile_service.go:153.2,156.16 2 0
test-bpjs/v2/service/profile/profile_service.go:156.16,158.3 1 0
test-bpjs/v2/service/profile/profile_service.go:160.2,163.8 1 0
test-bpjs/v2/service/profile/profile_service.go:166.93,170.16 3 0
test-bpjs/v2/service/profile/profile_service.go:170.16,172.3 1 0
test-bpjs/v2/service/profile/profile_service.go:174.2,176.16 3 0
test-bpjs/v2/service/profile/profile_service.go:176.16,178.17 2 0
test-bpjs/v2/service/profile/profile_service.go:178.17,180.4 1 0
test-bpjs/v2/service/profile/profile_service.go:182.2,185.16 3 0
test-bpjs/v2/service/profile/profile_service.go:185.16,187.3 1 0
test-bpjs/v2/service/profile/profile_service.go:189.2,190.16 2 0
test-bpjs/v2/service/profile/profile_service.go:190.16,192.3 1 0
test-bpjs/v2/service/profile/profile_service.go:195.2,198.17 3 0
test-bpjs/v2/service/skill/skill_service.go:23.74,25.2 1 0
test-bpjs/v2/service/skill/skill_service.go:27.100,31.16 3 0
test-bpjs/v2/service/skill/skill_service.go:31.16,33.3 1 0
test-bpjs/v2/service/skill/skill_service.go:35.2,35.31 1 0
test-bpjs/v2/service/skill/skill_service.go:35.31,37.3 1 0
test-bpjs/v2/service/skill/skill_service.go:38.2,40.8 1 0
test-bpjs/v2/service/skill/skill_service.go:43.134,49.16 2 0
test-bpjs/v2/service/skill/skill_service.go:49.16,51.3 1 0
test-bpjs/v2/service/skill/skill_service.go:52.2,55.8 1 0
test-bpjs/v2/service/skill/skill_service.go:58.106,60.16 2 0
test-bpjs/v2/service/skill/skill_service.go:60.16,62.3 1 0
test-bpjs/v2/service/skill/skill_service.go:63.2,65.8 1 0
test-bpjs/v2/controller/api_controller.go:33.25,41.2 1 0
test-bpjs/v2/controller/api_controller.go:43.44,72.2 17 0
test-bpjs/v2/controller/api_controller.go:74.68,75.36 1 0
test-bpjs/v2/controller/api_controller.go:75.36,81.42 4 0
test-bpjs/v2/controller/api_controller.go:81.42,83.4 1 0
test-bpjs/v2/controller/api_controller.go:85.3,85.45 1 0
test-bpjs/v2/controller/api_controller.go:85.45,87.4 1 0
test-bpjs/v2/controller/api_controller.go:89.3,90.17 2 0
test-bpjs/v2/controller/api_controller.go:90.17,92.4 1 0
test-bpjs/v2/controller/api_controller.go:94.3,94.36 1 0
test-bpjs/v2/controller/api_controller.go:98.65,99.36 1 0
test-bpjs/v2/controller/api_controller.go:99.36,106.42 4 0
test-bpjs/v2/controller/api_controller.go:106.42,108.4 1 0
test-bpjs/v2/controller/api_controller.go:110.3,111.17 2 0
test-bpjs/v2/controller/api_controller.go:111.17,113.4 1 0
test-bpjs/v2/controller/api_controller.go:115.3,115.36 1 0
test-bpjs/v2/controller/api_controller.go:119.65,120.36 1 0
test-bpjs/v2/controller/api_controller.go:120.36,126.42 4 0
test-bpjs/v2/controller/api_controller.go:126.42,128.4 1 0
test-bpjs/v2/controller/api_controller.go:130.3,130.45 1 0
test-bpjs/v2/controller/api_controller.go:130.45,132.4 1 0
test-bpjs/v2/controller/api_controller.go:134.3,135.17 2 0
test-bpjs/v2/controller/api_controller.go:135.17,137.4 1 0
test-bpjs/v2/controller/api_controller.go:139.3,139.36 1 0
test-bpjs/v2/controller/api_controller.go:143.65,144.36 1 0
test-bpjs/v2/controller/api_controller.go:144.36,150.42 4 0
test-bpjs/v2/controller/api_controller.go:150.42,152.4 1 0
test-bpjs/v2/controller/api_controller.go:154.3,154.45 1 0
test-bpjs/v2/controller/api_controller.go:154.45,156.4 1 0
test-bpjs/v2/controller/api_controller.go:158.3,159.17 2 0
test-bpjs/v2/controller/api_controller.go:159.17,161.4 1 0
test-bpjs/v2/controller/api_controller.go:163.3,163.36 1 0
test-bpjs/v2/controller/api_controller.go:167.63,168.36 1 0
test-bpjs/v2/controller/api_controller.go:168.36,174.42 4 0
test-bpjs/v2/controller/api_controller.go:174.42,176.4 1 0
test-bpjs/v2/controller/api_controller.go:178.3,178.45 1 0
test-bpjs/v2/controller/api_controller.go:178.45,180.4 1 0
test-bpjs/v2/controller/api_controller.go:182.3,183.17 2 0
test-bpjs/v2/controller/api_controller.go:183.17,185.4 1 0
test-bpjs/v2/controller/api_controller.go:187.3,187.36 1 0
test-bpjs/v2/controller/api_controller.go:191.63,192.36 1 0
test-bpjs/v2/controller/api_controller.go:192.36,198.42 4 0
test-bpjs/v2/controller/api_controller.go:198.42,200.4 1 0
test-bpjs/v2/controller/api_controller.go:202.3,202.45 1 0
test-bpjs/v2/controller/api_controller.go:202.45,204.4 1 0
test-bpjs/v2/controller/api_controller.go:206.3,207.17 2 0
test-bpjs/v2/controller/api_controller.go:207.17,209.4 1 0
test-bpjs/v2/controller/api_controller.go:211.3,211.36 1 0
test-bpjs/v2/controller/api_controller.go:215.78,216.36 1 0
test-bpjs/v2/controller/api_controller.go:216.36,222.42 4 0
test-bpjs/v2/controller/api_controller.go:222.42,224.4 1 0
test-bpjs/v2/controller/api_controller.go:226.3,226.45 1 0
test-bpjs/v2/controller/api_controller.go:226.45,228.4 1 0
test-bpjs/v2/controller/api_controller.go:230.3,231.17 2 0
test-bpjs/v2/controller/api_controller.go:231.17,233.4 1 0
test-bpjs/v2/controller/api_controller.go:235.3,235.36 1 0
test-bpjs/v2/controller/api_controller.go:239.81,240.36 1 0
test-bpjs/v2/controller/api_controller.go:240.36,246.42 4 0
test-bpjs/v2/controller/api_controller.go:246.42,248.4 1 0
test-bpjs/v2/controller/api_controller.go:250.3,250.45 1 0
test-bpjs/v2/controller/api_controller.go:250.45,252.4 1 0
test-bpjs/v2/controller/api_controller.go:254.3,255.17 2 0
test-bpjs/v2/controller/api_controller.go:255.17,257.4 1 0
test-bpjs/v2/controller/api_controller.go:259.3,259.36 1 0
test-bpjs/v2/controller/api_controller.go:263.74,264.36 1 0
test-bpjs/v2/controller/api_controller.go:264.36,270.42 4 0
test-bpjs/v2/controller/api_controller.go:270.42,272.4 1 0
test-bpjs/v2/controller/api_controller.go:274.3,274.45 1 0
test-bpjs/v2/controller/api_controller.go:274.45,276.4 1 0
test-bpjs/v2/controller/api_controller.go:278.3,279.17 2 0
test-bpjs/v2/controller/api_controller.go:279.17,281.4 1 0
test-bpjs/v2/controller/api_controller.go:283.3,283.36 1 0
test-bpjs/v2/controller/api_controller.go:287.70,288.36 1 0
test-bpjs/v2/controller/api_controller.go:288.36,294.42 4 0
test-bpjs/v2/controller/api_controller.go:294.42,296.4 1 0
test-bpjs/v2/controller/api_controller.go:298.3,298.45 1 0
test-bpjs/v2/controller/api_controller.go:298.45,300.4 1 0
test-bpjs/v2/controller/api_controller.go:302.3,303.17 2 0
test-bpjs/v2/controller/api_controller.go:303.17,305.4 1 0
test-bpjs/v2/controller/api_controller.go:307.3,307.36 1 0
test-bpjs/v2/controller/api_controller.go:311.78,312.36 1 0
test-bpjs/v2/controller/api_controller.go:312.36,318.42 4 0
test-bpjs/v2/controller/api_controller.go:318.42,320.4 1 0
test-bpjs/v2/controller/api_controller.go:322.3,322.45 1 0
test-bpjs/v2/controller/api_controller.go:322.45,324.4 1 0
test-bpjs/v2/controller/api_controller.go:326.3,327.17 2 0
test-bpjs/v2/controller/api_controller.go:327.17,329.4 1 0
test-bpjs/v2/controller/api_controller.go:331.3,331.36 1 0
test-bpjs/v2/controller/api_controller.go:335.75,336.36 1 0
test-bpjs/v2/controller/api_controller.go:336.36,342.42 4 0
test-bpjs/v2/controller/api_controller.go:342.42,344.4 1 0
test-bpjs/v2/controller/api_controller.go:346.3,346.45 1 0
test-bpjs/v2/controller/api_controller.go:346.45,348.4 1 0
test-bpjs/v2/controller/api_controller.go:350.3,351.17 2 0
test-bpjs/v2/controller/api_controller.go:351.17,353.4 1 0
test-bpjs/v2/controller/api_controller.go:355.3,355.36 1 0
test-bpjs/v2/controller/api_controller.go:359.71,360.36 1 0
test-bpjs/v2/controller/api_controller.go:360.36,366.42 4 0
test-bpjs/v2/controller/api_controller.go:366.42,368.4 1 0
test-bpjs/v2/controller/api_controller.go:370.3,370.45 1 0
test-bpjs/v2/controller/api_controller.go:370.45,372.4 1 0
test-bpjs/v2/controller/api_controller.go:374.3,375.17 2 0
test-bpjs/v2/controller/api_controller.go:375.17,377.4 1 0
test-bpjs/v2/controller/api_controller.go:379.3,379.36 1 0
test-bpjs/v2/controller/api_controller.go:383.79,384.36 1 0
test-bpjs/v2/controller/api_controller.go:384.36,390.42 4 0
test-bpjs/v2/controller/api_controller.go:390.42,392.4 1 0
test-bpjs/v2/controller/api_controller.go:394.3,394.45 1 0
test-bpjs/v2/controller/api_controller.go:394.45,396.4 1 0
test-bpjs/v2/controller/api_controller.go:398.3,399.17 2 0
test-bpjs/v2/controller/api_controller.go:399.17,401.4 1 0
test-bpjs/v2/controller/api_controller.go:403.3,403.36 1 0
test-bpjs/v2/controller/api_controller.go:407.70,408.36 1 0
test-bpjs/v2/controller/api_controller.go:408.36,414.42 4 0
test-bpjs/v2/controller/api_controller.go:414.42,416.4 1 0
test-bpjs/v2/controller/api_controller.go:418.3,418.45 1 0
test-bpjs/v2/controller/api_controller.go:418.45,420.4 1 0
test-bpjs/v2/controller/api_controller.go:422.3,423.17 2 0
test-bpjs/v2/controller/api_controller.go:423.17,425.4 1 0
test-bpjs/v2/controller/api_controller.go:427.3,427.36 1 0
test-bpjs/v2/controller/api_controller.go:431.66,432.36 1 0
test-bpjs/v2/controller/api_controller.go:432.36,438.42 4 0
test-bpjs/v2/controller/api_controller.go:438.42,440.4 1 0
test-bpjs/v2/controller/api_controller.go:442.3,442.45 1 0
test-bpjs/v2/controller/api_controller.go:442.45,444.4 1 0
test-bpjs/v2/controller/api_controller.go:446.3,447.17 2 0
test-bpjs/v2/controller/api_controller.go:447.17,449.4 1 0
test-bpjs/v2/controller/api_controller.go:451.3,451.36 1 0
test-bpjs/v2/controller/api_controller.go:455.74,456.36 1 0
test-bpjs/v2/controller/api_controller.go:456.36,462.42 4 0
test-bpjs/v2/controller/api_controller.go:462.42,464.4 1 0
test-bpjs/v2/controller/api_controller.go:466.3,466.45 1 0
test-bpjs/v2/controller/api_controller.go:466.45,468.4 1 0
test-bpjs/v2/controller/api_controller.go:470.3,471.17 2 0
test-bpjs/v2/controller/api_controller.go:471.17,473.4 1 0
test-bpjs/v2/controller/api_controller.go:475.3,475.36 1 0
test-bpjs/v2/service/education/education_service.go:23.90,25.2 1 0
test-bpjs/v2/service/education/education_service.go:27.111,31.16 3 0
test-bpjs/v2/service/education/education_service.go:31.16,33.3 1 0
test-bpjs/v2/service/education/education_service.go:35.2,35.39 1 0
test-bpjs/v2/service/education/education_service.go:35.39,37.3 1 0
test-bpjs/v2/service/education/education_service.go:38.2,40.8 1 0
test-bpjs/v2/service/education/education_service.go:43.146,53.16 2 0
test-bpjs/v2/service/education/education_service.go:53.16,55.3 1 0
test-bpjs/v2/service/education/education_service.go:56.2,59.8 1 0
test-bpjs/v2/service/education/education_service.go:62.114,64.16 2 0
test-bpjs/v2/service/education/education_service.go:64.16,66.3 1 0
test-bpjs/v2/service/education/education_service.go:67.2,69.8 1 0
test-bpjs/v2/service/employment/employment_service.go:23.94,25.2 1 0
test-bpjs/v2/service/employment/employment_service.go:27.114,31.16 3 0
test-bpjs/v2/service/employment/employment_service.go:31.16,33.3 1 0
test-bpjs/v2/service/employment/employment_service.go:35.2,35.41 1 0
test-bpjs/v2/service/employment/employment_service.go:35.41,37.3 1 0
test-bpjs/v2/service/employment/employment_service.go:38.2,40.8 1 0
test-bpjs/v2/service/employment/employment_service.go:43.149,53.16 2 0
test-bpjs/v2/service/employment/employment_service.go:53.16,55.3 1 0
test-bpjs/v2/service/employment/employment_service.go:56.2,59.8 1 0
test-bpjs/v2/service/employment/employment_service.go:62.116,64.16 2 0
test-bpjs/v2/service/employment/employment_service.go:64.16,66.3 1 0
test-bpjs/v2/service/employment/employment_service.go:67.2,69.8 1 0
test-bpjs/v2/service/profile/profile_service.go:35.82,37.2 1 1
test-bpjs/v2/service/profile/profile_service.go:39.115,41.16 2 2
test-bpjs/v2/service/profile/profile_service.go:41.16,44.3 2 1
test-bpjs/v2/service/profile/profile_service.go:45.2,45.49 1 1
test-bpjs/v2/service/profile/profile_service.go:48.130,50.16 2 2
test-bpjs/v2/service/profile/profile_service.go:50.16,52.3 1 1
test-bpjs/v2/service/profile/profile_service.go:53.2,55.8 1 1
test-bpjs/v2/service/profile/profile_service.go:58.134,74.16 2 2
test-bpjs/v2/service/profile/profile_service.go:74.16,76.3 1 1
test-bpjs/v2/service/profile/profile_service.go:77.2,79.8 1 1
test-bpjs/v2/service/profile/profile_service.go:82.134,99.16 2 2
test-bpjs/v2/service/profile/profile_service.go:99.16,101.3 1 1
test-bpjs/v2/service/profile/profile_service.go:102.2,104.8 1 1
test-bpjs/v2/service/profile/profile_service.go:107.110,109.16 2 2
test-bpjs/v2/service/profile/profile_service.go:109.16,111.3 1 1
test-bpjs/v2/service/profile/profile_service.go:112.2,114.8 1 1
test-bpjs/v2/service/profile/profile_service.go:117.140,124.16 6 2
test-bpjs/v2/service/profile/profile_service.go:124.16,126.3 1 1
test-bpjs/v2/service/profile/profile_service.go:128.2,131.16 3 1
test-bpjs/v2/service/profile/profile_service.go:131.16,133.3 1 0
test-bpjs/v2/service/profile/profile_service.go:135.2,136.16 2 1
test-bpjs/v2/service/profile/profile_service.go:136.16,138.17 2 0
test-bpjs/v2/service/profile/profile_service.go:138.17,140.18 2 0
test-bpjs/v2/service/profile/profile_service.go:140.18,142.5 1 0
test-bpjs/v2/service/profile/profile_service.go:146.2,149.16 3 1
test-bpjs/v2/service/profile/profile_service.go:149.16,151.3 1 0
test-bpjs/v2/service/profile/profile_service.go:153.2,156.16 2 1
test-bpjs/v2/service/profile/profile_service.go:156.16,158.3 1 0
test-bpjs/v2/service/profile/profile_service.go:160.2,163.8 1 1
test-bpjs/v2/service/profile/profile_service.go:166.93,170.16 3 4
test-bpjs/v2/service/profile/profile_service.go:170.16,172.3 1 1
test-bpjs/v2/service/profile/profile_service.go:174.2,176.16 3 3
test-bpjs/v2/service/profile/profile_service.go:176.16,178.17 2 1
test-bpjs/v2/service/profile/profile_service.go:178.17,180.4 1 1
test-bpjs/v2/service/profile/profile_service.go:182.2,185.16 3 2
test-bpjs/v2/service/profile/profile_service.go:185.16,187.3 1 1
test-bpjs/v2/service/profile/profile_service.go:189.2,190.16 2 1
test-bpjs/v2/service/profile/profile_service.go:190.16,192.3 1 0
test-bpjs/v2/service/profile/profile_service.go:195.2,198.17 3 1
test-bpjs/v2/service/skill/skill_service.go:23.74,25.2 1 0
test-bpjs/v2/service/skill/skill_service.go:27.100,31.16 3 0
test-bpjs/v2/service/skill/skill_service.go:31.16,33.3 1 0
test-bpjs/v2/service/skill/skill_service.go:35.2,35.31 1 0
test-bpjs/v2/service/skill/skill_service.go:35.31,37.3 1 0
test-bpjs/v2/service/skill/skill_service.go:38.2,40.8 1 0
test-bpjs/v2/service/skill/skill_service.go:43.134,49.16 2 0
test-bpjs/v2/service/skill/skill_service.go:49.16,51.3 1 0
test-bpjs/v2/service/skill/skill_service.go:52.2,55.8 1 0
test-bpjs/v2/service/skill/skill_service.go:58.106,60.16 2 0
test-bpjs/v2/service/skill/skill_service.go:60.16,62.3 1 0
test-bpjs/v2/service/skill/skill_service.go:63.2,65.8 1 0
test-bpjs/v2/controller/api_controller.go:33.25,41.2 1 0
test-bpjs/v2/controller/api_controller.go:43.44,72.2 17 0
test-bpjs/v2/controller/api_controller.go:74.68,75.36 1 0
test-bpjs/v2/controller/api_controller.go:75.36,81.42 4 0
test-bpjs/v2/controller/api_controller.go:81.42,83.4 1 0
test-bpjs/v2/controller/api_controller.go:85.3,85.45 1 0
test-bpjs/v2/controller/api_controller.go:85.45,87.4 1 0
test-bpjs/v2/controller/api_controller.go:89.3,90.17 2 0
test-bpjs/v2/controller/api_controller.go:90.17,92.4 1 0
test-bpjs/v2/controller/api_controller.go:94.3,94.36 1 0
test-bpjs/v2/controller/api_controller.go:98.65,99.36 1 0
test-bpjs/v2/controller/api_controller.go:99.36,106.42 4 0
test-bpjs/v2/controller/api_controller.go:106.42,108.4 1 0
test-bpjs/v2/controller/api_controller.go:110.3,111.17 2 0
test-bpjs/v2/controller/api_controller.go:111.17,113.4 1 0
test-bpjs/v2/controller/api_controller.go:115.3,115.36 1 0
test-bpjs/v2/controller/api_controller.go:119.65,120.36 1 0
test-bpjs/v2/controller/api_controller.go:120.36,126.42 4 0
test-bpjs/v2/controller/api_controller.go:126.42,128.4 1 0
test-bpjs/v2/controller/api_controller.go:130.3,130.45 1 0
test-bpjs/v2/controller/api_controller.go:130.45,132.4 1 0
test-bpjs/v2/controller/api_controller.go:134.3,135.17 2 0
test-bpjs/v2/controller/api_controller.go:135.17,137.4 1 0
test-bpjs/v2/controller/api_controller.go:139.3,139.36 1 0
test-bpjs/v2/controller/api_controller.go:143.65,144.36 1 0
test-bpjs/v2/controller/api_controller.go:144.36,150.42 4 0
test-bpjs/v2/controller/api_controller.go:150.42,152.4 1 0
test-bpjs/v2/controller/api_controller.go:154.3,154.45 1 0
test-bpjs/v2/controller/api_controller.go:154.45,156.4 1 0
test-bpjs/v2/controller/api_controller.go:158.3,159.17 2 0
test-bpjs/v2/controller/api_controller.go:159.17,161.4 1 0
test-bpjs/v2/controller/api_controller.go:163.3,163.36 1 0
test-bpjs/v2/controller/api_controller.go:167.63,168.36 1 0
test-bpjs/v2/controller/api_controller.go:168.36,174.42 4 0
test-bpjs/v2/controller/api_controller.go:174.42,176.4 1 0
test-bpjs/v2/controller/api_controller.go:178.3,178.45 1 0
test-bpjs/v2/controller/api_controller.go:178.45,180.4 1 0
test-bpjs/v2/controller/api_controller.go:182.3,183.17 2 0
test-bpjs/v2/controller/api_controller.go:183.17,185.4 1 0
test-bpjs/v2/controller/api_controller.go:187.3,187.36 1 0
test-bpjs/v2/controller/api_controller.go:191.63,192.36 1 0
test-bpjs/v2/controller/api_controller.go:192.36,198.42 4 0
test-bpjs/v2/controller/api_controller.go:198.42,200.4 1 0
test-bpjs/v2/controller/api_controller.go:202.3,202.45 1 0
test-bpjs/v2/controller/api_controller.go:202.45,204.4 1 0
test-bpjs/v2/controller/api_controller.go:206.3,207.17 2 0
test-bpjs/v2/controller/api_controller.go:207.17,209.4 1 0
test-bpjs/v2/controller/api_controller.go:211.3,211.36 1 0
test-bpjs/v2/controller/api_controller.go:215.78,216.36 1 0
test-bpjs/v2/controller/api_controller.go:216.36,222.42 4 0
test-bpjs/v2/controller/api_controller.go:222.42,224.4 1 0
test-bpjs/v2/controller/api_controller.go:226.3,226.45 1 0
test-bpjs/v2/controller/api_controller.go:226.45,228.4 1 0
test-bpjs/v2/controller/api_controller.go:230.3,231.17 2 0
test-bpjs/v2/controller/api_controller.go:231.17,233.4 1 0
test-bpjs/v2/controller/api_controller.go:235.3,235.36 1 0
test-bpjs/v2/controller/api_controller.go:239.81,240.36 1 0
test-bpjs/v2/controller/api_controller.go:240.36,246.42 4 0
test-bpjs/v2/controller/api_controller.go:246.42,248.4 1 0
test-bpjs/v2/controller/api_controller.go:250.3,250.45 1 0
test-bpjs/v2/controller/api_controller.go:250.45,252.4 1 0
test-bpjs/v2/controller/api_controller.go:254.3,255.17 2 0
test-bpjs/v2/controller/api_controller.go:255.17,257.4 1 0
test-bpjs/v2/controller/api_controller.go:259.3,259.36 1 0
test-bpjs/v2/controller/api_controller.go:263.74,264.36 1 0
test-bpjs/v2/controller/api_controller.go:264.36,270.42 4 0
test-bpjs/v2/controller/api_controller.go:270.42,272.4 1 0
test-bpjs/v2/controller/api_controller.go:274.3,274.45 1 0
test-bpjs/v2/controller/api_controller.go:274.45,276.4 1 0
test-bpjs/v2/controller/api_controller.go:278.3,279.17 2 0
test-bpjs/v2/controller/api_controller.go:279.17,281.4 1 0
test-bpjs/v2/controller/api_controller.go:283.3,283.36 1 0
test-bpjs/v2/controller/api_controller.go:287.70,288.36 1 0
test-bpjs/v2/controller/api_controller.go:288.36,294.42 4 0
test-bpjs/v2/controller/api_controller.go:294.42,296.4 1 0
test-bpjs/v2/controller/api_controller.go:298.3,298.45 1 0
test-bpjs/v2/controller/api_controller.go:298.45,300.4 1 0
test-bpjs/v2/controller/api_controller.go:302.3,303.17 2 0
test-bpjs/v2/controller/api_controller.go:303.17,305.4 1 0
test-bpjs/v2/controller/api_controller.go:307.3,307.36 1 0
test-bpjs/v2/controller/api_controller.go:311.78,312.36 1 0
test-bpjs/v2/controller/api_controller.go:312.36,318.42 4 0
test-bpjs/v2/controller/api_controller.go:318.42,320.4 1 0
test-bpjs/v2/controller/api_controller.go:322.3,322.45 1 0
test-bpjs/v2/controller/api_controller.go:322.45,324.4 1 0
test-bpjs/v2/controller/api_controller.go:326.3,327.17 2 0
test-bpjs/v2/controller/api_controller.go:327.17,329.4 1 0
test-bpjs/v2/controller/api_controller.go:331.3,331.36 1 0
test-bpjs/v2/controller/api_controller.go:335.75,336.36 1 0
test-bpjs/v2/controller/api_controller.go:336.36,342.42 4 0
test-bpjs/v2/controller/api_controller.go:342.42,344.4 1 0
test-bpjs/v2/controller/api_controller.go:346.3,346.45 1 0
test-bpjs/v2/controller/api_controller.go:346.45,348.4 1 0
test-bpjs/v2/controller/api_controller.go:350.3,351.17 2 0
test-bpjs/v2/controller/api_controller.go:351.17,353.4 1 0
test-bpjs/v2/controller/api_controller.go:355.3,355.36 1 0
test-bpjs/v2/controller/api_controller.go:359.71,360.36 1 0
test-bpjs/v2/controller/api_controller.go:360.36,366.42 4 0
test-bpjs/v2/controller/api_controller.go:366.42,368.4 1 0
test-bpjs/v2/controller/api_controller.go:370.3,370.45 1 0
test-bpjs/v2/controller/api_controller.go:370.45,372.4 1 0
test-bpjs/v2/controller/api_controller.go:374.3,375.17 2 0
test-bpjs/v2/controller/api_controller.go:375.17,377.4 1 0
test-bpjs/v2/controller/api_controller.go:379.3,379.36 1 0
test-bpjs/v2/controller/api_controller.go:383.79,384.36 1 0
test-bpjs/v2/controller/api_controller.go:384.36,390.42 4 0
test-bpjs/v2/controller/api_controller.go:390.42,392.4 1 0
test-bpjs/v2/controller/api_controller.go:394.3,394.45 1 0
test-bpjs/v2/controller/api_controller.go:394.45,396.4 1 0
test-bpjs/v2/controller/api_controller.go:398.3,399.17 2 0
test-bpjs/v2/controller/api_controller.go:399.17,401.4 1 0
test-bpjs/v2/controller/api_controller.go:403.3,403.36 1 0
test-bpjs/v2/controller/api_controller.go:407.70,408.36 1 0
test-bpjs/v2/controller/api_controller.go:408.36,414.42 4 0
test-bpjs/v2/controller/api_controller.go:414.42,416.4 1 0
test-bpjs/v2/controller/api_controller.go:418.3,418.45 1 0
test-bpjs/v2/controller/api_controller.go:418.45,420.4 1 0
test-bpjs/v2/controller/api_controller.go:422.3,423.17 2 0
test-bpjs/v2/controller/api_controller.go:423.17,425.4 1 0
test-bpjs/v2/controller/api_controller.go:427.3,427.36 1 0
test-bpjs/v2/controller/api_controller.go:431.66,432.36 1 0
test-bpjs/v2/controller/api_controller.go:432.36,438.42 4 0
test-bpjs/v2/controller/api_controller.go:438.42,440.4 1 0
test-bpjs/v2/controller/api_controller.go:442.3,442.45 1 0
test-bpjs/v2/controller/api_controller.go:442.45,444.4 1 0
test-bpjs/v2/controller/api_controller.go:446.3,447.17 2 0
test-bpjs/v2/controller/api_controller.go:447.17,449.4 1 0
test-bpjs/v2/controller/api_controller.go:451.3,451.36 1 0
test-bpjs/v2/controller/api_controller.go:455.74,456.36 1 0
test-bpjs/v2/controller/api_controller.go:456.36,462.42 4 0
test-bpjs/v2/controller/api_controller.go:462.42,464.4 1 0
test-bpjs/v2/controller/api_controller.go:466.3,466.45 1 0
test-bpjs/v2/controller/api_controller.go:466.45,468.4 1 0
test-bpjs/v2/controller/api_controller.go:470.3,471.17 2 0
test-bpjs/v2/controller/api_controller.go:471.17,473.4 1 0
test-bpjs/v2/controller/api_controller.go:475.3,475.36 1 0
test-bpjs/v2/service/education/education_service.go:23.90,25.2 1 0
test-bpjs/v2/service/education/education_service.go:27.111,31.16 3 0
test-bpjs/v2/service/education/education_service.go:31.16,33.3 1 0
test-bpjs/v2/service/education/education_service.go:35.2,35.39 1 0
test-bpjs/v2/service/education/education_service.go:35.39,37.3 1 0
test-bpjs/v2/service/education/education_service.go:38.2,40.8 1 0
test-bpjs/v2/service/education/education_service.go:43.146,53.16 2 0
test-bpjs/v2/service/education/education_service.go:53.16,55.3 1 0
test-bpjs/v2/service/education/education_service.go:56.2,59.8 1 0
test-bpjs/v2/service/education/education_service.go:62.114,64.16 2 0
test-bpjs/v2/service/education/education_service.go:64.16,66.3 1 0
test-bpjs/v2/service/education/education_service.go:67.2,69.8 1 0
test-bpjs/v2/service/employment/employment_service.go:23.94,25.2 1 0
test-bpjs/v2/service/employment/employment_service.go:27.114,31.16 3 0
test-bpjs/v2/service/employment/employment_service.go:31.16,33.3 1 0
test-bpjs/v2/service/employment/employment_service.go:35.2,35.41 1 0
test-bpjs/v2/service/employment/employment_service.go:35.41,37.3 1 0
test-bpjs/v2/service/employment/employment_service.go:38.2,40.8 1 0
test-bpjs/v2/service/employment/employment_service.go:43.149,53.16 2 0
test-bpjs/v2/service/employment/employment_service.go:53.16,55.3 1 0
test-bpjs/v2/service/employment/employment_service.go:56.2,59.8 1 0
test-bpjs/v2/service/employment/employment_service.go:62.116,64.16 2 0
test-bpjs/v2/service/employment/employment_service.go:64.16,66.3 1 0
test-bpjs/v2/service/employment/employment_service.go:67.2,69.8 1 0
test-bpjs/v2/service/profile/profile_service.go:35.82,37.2 1 0
test-bpjs/v2/service/profile/profile_service.go:39.115,41.16 2 0
test-bpjs/v2/service/profile/profile_service.go:41.16,44.3 2 0
test-bpjs/v2/service/profile/profile_service.go:45.2,45.49 1 0
test-bpjs/v2/service/profile/profile_service.go:48.130,50.16 2 0
test-bpjs/v2/service/profile/profile_service.go:50.16,52.3 1 0
test-bpjs/v2/service/profile/profile_service.go:53.2,55.8 1 0
test-bpjs/v2/service/profile/profile_service.go:58.134,74.16 2 0
test-bpjs/v2/service/profile/profile_service.go:74.16,76.3 1 0
test-bpjs/v2/service/profile/profile_service.go:77.2,79.8 1 0
test-bpjs/v2/service/profile/profile_service.go:82.134,99.16 2 0
test-bpjs/v2/service/profile/profile_service.go:99.16,101.3 1 0
test-bpjs/v2/service/profile/profile_service.go:102.2,104.8 1 0
test-bpjs/v2/service/profile/profile_service.go:107.110,109.16 2 0
test-bpjs/v2/service/profile/profile_service.go:109.16,111.3 1 0
test-bpjs/v2/service/profile/profile_service.go:112.2,114.8 1 0
test-bpjs/v2/service/profile/profile_service.go:117.140,124.16 6 0
test-bpjs/v2/service/profile/profile_service.go:124.16,126.3 1 0
test-bpjs/v2/service/profile/profile_service.go:128.2,131.16 3 0
test-bpjs/v2/service/profile/profile_service.go:131.16,133.3 1 0
test-bpjs/v2/service/profile/profile_service.go:135.2,136.16 2 0
test-bpjs/v2/service/profile/profile_service.go:136.16,138.17 2 0
test-bpjs/v2/service/profile/profile_service.go:138.17,140.18 2 0
test-bpjs/v2/service/profile/profile_service.go:140.18,142.5 1 0
test-bpjs/v2/service/profile/profile_service.go:146.2,149.16 3 0
test-bpjs/v2/service/profile/profile_service.go:149.16,151.3 1 0
test-bpjs/v2/service/profile/profile_service.go:153.2,156.16 2 0
test-bpjs/v2/service/profile/profile_service.go:156.16,158.3 1 0
test-bpjs/v2/service/profile/profile_service.go:160.2,163.8 1 0
test-bpjs/v2/service/profile/profile_service.go:166.93,170.16 3 0
test-bpjs/v2/service/profile/profile_service.go:170.16,172.3 1 0
test-bpjs/v2/service/profile/profile_service.go:174.2,176.16 3 0
test-bpjs/v2/service/profile/profile_service.go:176.16,178.17 2 0
test-bpjs/v2/service/profile/profile_service.go:178.17,180.4 1 0
test-bpjs/v2/service/profile/profile_service.go:182.2,185.16 3 0
test-bpjs/v2/service/profile/profile_service.go:185.16,187.3 1 0
test-bpjs/v2/service/profile/profile_service.go:189.2,190.16 2 0
test-bpjs/v2/service/profile/profile_service.go:190.16,192.3 1 0
test-bpjs/v2/service/profile/profile_service.go:195.2,198.17 3 0
test-bpjs/v2/service/skill/skill_service.go:23.74,25.2 1 1
test-bpjs/v2/service/skill/skill_service.go:27.100,31.16 3 2
test-bpjs/v2/service/skill/skill_service.go:31.16,33.3 1 1
test-bpjs/v2/service/skill/skill_service.go:35.2,35.31 1 1
test-bpjs/v2/service/skill/skill_service.go:35.31,37.3 1 1
test-bpjs/v2/service/skill/skill_service.go:38.2,40.8 1 1
test-bpjs/v2/service/skill/skill_service.go:43.134,49.16 2 2
test-bpjs/v2/service/skill/skill_service.go:49.16,51.3 1 1
test-bpjs/v2/service/skill/skill_service.go:52.2,55.8 1 1
test-bpjs/v2/service/skill/skill_service.go:58.106,60.16 2 2
test-bpjs/v2/service/skill/skill_service.go:60.16,62.3 1 1
test-bpjs/v2/service/skill/skill_service.go:63.2,65.8 1 1
