mode: count
test-bpjs/v2/controller/api_controller.go:34.25,42.2 1 67
test-bpjs/v2/controller/api_controller.go:44.44,73.2 17 0
test-bpjs/v2/controller/api_controller.go:75.68,76.36 1 4
test-bpjs/v2/controller/api_controller.go:76.36,82.42 4 4
test-bpjs/v2/controller/api_controller.go:82.42,84.4 1 1
test-bpjs/v2/controller/api_controller.go:86.3,86.45 1 3
test-bpjs/v2/controller/api_controller.go:86.45,88.4 1 1
test-bpjs/v2/controller/api_controller.go:90.3,91.17 2 2
test-bpjs/v2/controller/api_controller.go:91.17,93.4 1 1
test-bpjs/v2/controller/api_controller.go:95.3,95.36 1 1
test-bpjs/v2/controller/api_controller.go:99.65,100.36 1 3
test-bpjs/v2/controller/api_controller.go:100.36,107.42 4 3
test-bpjs/v2/controller/api_controller.go:107.42,109.4 1 1
test-bpjs/v2/controller/api_controller.go:111.3,112.17 2 2
test-bpjs/v2/controller/api_controller.go:112.17,114.4 1 1
test-bpjs/v2/controller/api_controller.go:116.3,116.36 1 1
test-bpjs/v2/controller/api_controller.go:120.65,121.36 1 4
test-bpjs/v2/controller/api_controller.go:121.36,127.42 4 4
test-bpjs/v2/controller/api_controller.go:127.42,129.4 1 1
test-bpjs/v2/controller/api_controller.go:131.3,131.45 1 3
test-bpjs/v2/controller/api_controller.go:131.45,133.4 1 1
test-bpjs/v2/controller/api_controller.go:135.3,136.17 2 2
test-bpjs/v2/controller/api_controller.go:136.17,138.4 1 1
test-bpjs/v2/controller/api_controller.go:140.3,140.36 1 1
test-bpjs/v2/controller/api_controller.go:144.65,145.36 1 4
test-bpjs/v2/controller/api_controller.go:145.36,151.42 4 4
test-bpjs/v2/controller/api_controller.go:151.42,153.4 1 1
test-bpjs/v2/controller/api_controller.go:155.3,155.45 1 3
test-bpjs/v2/controller/api_controller.go:155.45,157.4 1 1
test-bpjs/v2/controller/api_controller.go:159.3,160.17 2 2
test-bpjs/v2/controller/api_controller.go:160.17,162.4 1 1
test-bpjs/v2/controller/api_controller.go:164.3,164.36 1 1
test-bpjs/v2/controller/api_controller.go:168.63,169.36 1 4
test-bpjs/v2/controller/api_controller.go:169.36,175.42 4 4
test-bpjs/v2/controller/api_controller.go:175.42,177.4 1 1
test-bpjs/v2/controller/api_controller.go:179.3,179.45 1 3
test-bpjs/v2/controller/api_controller.go:179.45,181.4 1 1
test-bpjs/v2/controller/api_controller.go:183.3,184.17 2 2
test-bpjs/v2/controller/api_controller.go:184.17,186.4 1 1
test-bpjs/v2/controller/api_controller.go:188.3,188.36 1 1
test-bpjs/v2/controller/api_controller.go:192.63,193.36 1 4
test-bpjs/v2/controller/api_controller.go:193.36,199.42 4 4
test-bpjs/v2/controller/api_controller.go:199.42,201.4 1 1
test-bpjs/v2/controller/api_controller.go:203.3,203.45 1 3
test-bpjs/v2/controller/api_controller.go:203.45,205.4 1 1
test-bpjs/v2/controller/api_controller.go:207.3,208.17 2 2
test-bpjs/v2/controller/api_controller.go:208.17,210.4 1 1
test-bpjs/v2/controller/api_controller.go:212.3,212.36 1 1
test-bpjs/v2/controller/api_controller.go:216.78,217.36 1 4
test-bpjs/v2/controller/api_controller.go:217.36,223.42 4 4
test-bpjs/v2/controller/api_controller.go:223.42,225.4 1 1
test-bpjs/v2/controller/api_controller.go:227.3,227.45 1 3
test-bpjs/v2/controller/api_controller.go:227.45,229.4 1 1
test-bpjs/v2/controller/api_controller.go:231.3,232.17 2 2
test-bpjs/v2/controller/api_controller.go:232.17,234.4 1 1
test-bpjs/v2/controller/api_controller.go:236.3,236.36 1 1
test-bpjs/v2/controller/api_controller.go:240.81,241.36 1 4
test-bpjs/v2/controller/api_controller.go:241.36,247.42 4 4
test-bpjs/v2/controller/api_controller.go:247.42,249.4 1 1
test-bpjs/v2/controller/api_controller.go:251.3,251.45 1 3
test-bpjs/v2/controller/api_controller.go:251.45,253.4 1 1
test-bpjs/v2/controller/api_controller.go:255.3,256.17 2 2
test-bpjs/v2/controller/api_controller.go:256.17,258.4 1 1
test-bpjs/v2/controller/api_controller.go:260.3,260.36 1 1
test-bpjs/v2/controller/api_controller.go:264.74,265.36 1 4
test-bpjs/v2/controller/api_controller.go:265.36,271.42 4 4
test-bpjs/v2/controller/api_controller.go:271.42,273.4 1 1
test-bpjs/v2/controller/api_controller.go:275.3,275.45 1 3
test-bpjs/v2/controller/api_controller.go:275.45,277.4 1 1
test-bpjs/v2/controller/api_controller.go:279.3,280.17 2 2
test-bpjs/v2/controller/api_controller.go:280.17,282.4 1 1
test-bpjs/v2/controller/api_controller.go:284.3,284.36 1 1
test-bpjs/v2/controller/api_controller.go:288.70,289.36 1 4
test-bpjs/v2/controller/api_controller.go:289.36,295.42 4 4
test-bpjs/v2/controller/api_controller.go:295.42,297.4 1 1
test-bpjs/v2/controller/api_controller.go:299.3,299.45 1 3
test-bpjs/v2/controller/api_controller.go:299.45,301.4 1 1
test-bpjs/v2/controller/api_controller.go:303.3,304.17 2 2
test-bpjs/v2/controller/api_controller.go:304.17,306.4 1 1
test-bpjs/v2/controller/api_controller.go:308.3,308.36 1 1
test-bpjs/v2/controller/api_controller.go:312.78,313.36 1 4
test-bpjs/v2/controller/api_controller.go:313.36,319.42 4 4
test-bpjs/v2/controller/api_controller.go:319.42,321.4 1 1
test-bpjs/v2/controller/api_controller.go:322.3,324.45 2 3
test-bpjs/v2/controller/api_controller.go:324.45,326.4 1 1
test-bpjs/v2/controller/api_controller.go:328.3,329.17 2 2
test-bpjs/v2/controller/api_controller.go:329.17,331.4 1 1
test-bpjs/v2/controller/api_controller.go:333.3,333.36 1 1
test-bpjs/v2/controller/api_controller.go:337.75,338.36 1 4
test-bpjs/v2/controller/api_controller.go:338.36,344.42 4 4
test-bpjs/v2/controller/api_controller.go:344.42,346.4 1 1
test-bpjs/v2/controller/api_controller.go:348.3,348.45 1 3
test-bpjs/v2/controller/api_controller.go:348.45,350.4 1 1
test-bpjs/v2/controller/api_controller.go:352.3,353.17 2 2
test-bpjs/v2/controller/api_controller.go:353.17,355.4 1 1
test-bpjs/v2/controller/api_controller.go:357.3,357.36 1 1
test-bpjs/v2/controller/api_controller.go:361.71,362.36 1 4
test-bpjs/v2/controller/api_controller.go:362.36,368.42 4 4
test-bpjs/v2/controller/api_controller.go:368.42,370.4 1 1
test-bpjs/v2/controller/api_controller.go:372.3,372.45 1 3
test-bpjs/v2/controller/api_controller.go:372.45,374.4 1 1
test-bpjs/v2/controller/api_controller.go:376.3,377.17 2 2
test-bpjs/v2/controller/api_controller.go:377.17,379.4 1 1
test-bpjs/v2/controller/api_controller.go:381.3,381.36 1 1
test-bpjs/v2/controller/api_controller.go:385.79,386.36 1 4
test-bpjs/v2/controller/api_controller.go:386.36,392.42 4 4
test-bpjs/v2/controller/api_controller.go:392.42,394.4 1 1
test-bpjs/v2/controller/api_controller.go:396.3,396.45 1 3
test-bpjs/v2/controller/api_controller.go:396.45,398.4 1 1
test-bpjs/v2/controller/api_controller.go:400.3,401.17 2 2
test-bpjs/v2/controller/api_controller.go:401.17,403.4 1 1
test-bpjs/v2/controller/api_controller.go:405.3,405.36 1 1
test-bpjs/v2/controller/api_controller.go:409.70,410.36 1 4
test-bpjs/v2/controller/api_controller.go:410.36,416.42 4 4
test-bpjs/v2/controller/api_controller.go:416.42,418.4 1 1
test-bpjs/v2/controller/api_controller.go:420.3,420.45 1 3
test-bpjs/v2/controller/api_controller.go:420.45,422.4 1 1
test-bpjs/v2/controller/api_controller.go:424.3,425.17 2 2
test-bpjs/v2/controller/api_controller.go:425.17,427.4 1 1
test-bpjs/v2/controller/api_controller.go:429.3,429.36 1 1
test-bpjs/v2/controller/api_controller.go:433.66,434.36 1 4
test-bpjs/v2/controller/api_controller.go:434.36,440.42 4 4
test-bpjs/v2/controller/api_controller.go:440.42,442.4 1 1
test-bpjs/v2/controller/api_controller.go:444.3,444.45 1 3
test-bpjs/v2/controller/api_controller.go:444.45,446.4 1 1
test-bpjs/v2/controller/api_controller.go:448.3,449.17 2 2
test-bpjs/v2/controller/api_controller.go:449.17,451.4 1 1
test-bpjs/v2/controller/api_controller.go:453.3,453.36 1 1
test-bpjs/v2/controller/api_controller.go:457.74,458.36 1 4
test-bpjs/v2/controller/api_controller.go:458.36,464.42 4 4
test-bpjs/v2/controller/api_controller.go:464.42,466.4 1 1
test-bpjs/v2/controller/api_controller.go:468.3,468.45 1 3
test-bpjs/v2/controller/api_controller.go:468.45,470.4 1 1
test-bpjs/v2/controller/api_controller.go:472.3,473.17 2 2
test-bpjs/v2/controller/api_controller.go:473.17,475.4 1 1
test-bpjs/v2/controller/api_controller.go:477.3,477.36 1 1
